<?xml version="1.0" encoding="UTF-8"?>
<testsuite xmlns:xsi="http://www.w3.org/2001/XMLSchema-instance" xsi:noNamespaceSchemaLocation="https://maven.apache.org/surefire/maven-surefire-plugin/xsd/surefire-test-report-3.0.xsd" version="3.0" name="com.onavarrete.rickymorty.RickymortyApplicationTests" time="7.308" tests="1" errors="0" skipped="0" failures="0">
  <properties>
[...]
</properties>
  <testcase name="contextLoads" classname="com.onavarrete.rickymorty.RickymortyApplicationTests" time="2.337">
    <system-out><![CDATA[03:22:21.004 [main] INFO org.springframework.test.context.support.AnnotationConfigContextLoaderUtils -- Could not detect default configuration classes for test class [com.onavarrete.rickymorty.RickymortyApplicationTests]: RickymortyApplicationTests does not declare any static, non-private, non-final, nested classes annotated with @Configuration.
03:22:21.201 [main] INFO org.springframework.boot.test.context.SpringBootTestContextBootstrapper -- Found @SpringBootConfiguration com.onavarrete.rickymorty.RickymortyApplication for test class com.onavarrete.rickymorty.RickymortyApplicationTests

  .   ____          _            __ _ _
 /\\ / ___'_ __ _ _(_)_ __  __ _ \ \ \ \
( ( )\___ | '_ | '_| | '_ \/ _` | \ \ \ \
 \\/  ___)| |_)| | | | | || (_| |  ) ) ) )
  '  |____| .__|_| |_|_| |_\__, | / / / /
 =========|_|==============|___/=/_/_/_/
 :: Spring Boot ::                (v3.2.7)

2024-06-21T03:22:22.121-04:00  INFO 504244 --- [rickymorty] [           main] c.o.r.RickymortyApplicationTests         : Starting RickymortyApplicationTests using Java 17.0.11 with PID 504244 (started by onavarrete in /home/onavarrete/Proyects/mobdev/rickymortyapi)
2024-06-21T03:22:22.124-04:00  INFO 504244 --- [rickymorty] [           main] c.o.r.RickymortyApplicationTests         : No active profile set, falling back to 1 default profile: "default"
2024-06-21T03:22:23.819-04:00  INFO 504244 --- [rickymorty] [           main] o.s.cloud.context.scope.GenericScope     : BeanFactory id=749d99a7-95b0-30d3-bd17-d87776f6f860
2024-06-21T03:22:25.317-04:00  INFO 504244 --- [rickymorty] [           main] c.o.r.RickymortyApplicationTests         : Started RickymortyApplicationTests in 3.825 seconds (process running for 6.323)
]]></system-out>
  </testcase>
</testsuite>